{
  "stats": {
    "suites": 1,
    "tests": 1,
    "passes": 0,
    "pending": 0,
    "failures": 1,
    "start": "2024-07-15T08:53:56.491Z",
    "end": "2024-07-15T08:54:27.429Z",
    "duration": 30938,
    "testsRegistered": 1,
    "passPercent": 0,
    "pendingPercent": 0,
    "other": 0,
    "hasOther": false,
    "skipped": 0,
    "hasSkipped": false
  },
  "results": [
    {
      "uuid": "2b6d7e62-12ba-48dd-86b1-5c794189e300",
      "title": "",
      "fullFile": "cypress\\e2e\\ProductSearchTest.spec.cy.js",
      "file": "cypress\\e2e\\ProductSearchTest.spec.cy.js",
      "beforeHooks": [],
      "afterHooks": [],
      "tests": [],
      "suites": [
        {
          "uuid": "a979beff-1e23-4ad2-83ff-a57d316375d5",
          "title": "Amazon Test Suite",
          "fullFile": "",
          "file": "",
          "beforeHooks": [],
          "afterHooks": [],
          "tests": [
            {
              "title": "should search for a product, add to cart, and proceed to checkout",
              "fullTitle": "Amazon Test Suite should search for a product, add to cart, and proceed to checkout",
              "timedOut": null,
              "duration": 23278,
              "state": "failed",
              "speed": null,
              "pass": false,
              "fail": true,
              "pending": false,
              "context": null,
              "code": "// Perform search for a product\nsearchProduct.Search('Mobile');\n// Add the product to cart\nsearchProduct.AddToCart();\n// Proceed to checkout\ncheckout.checkoutProcess();\n// Optionally, add assertions to verify the checkout process\n// For example:\n// cy.contains('Order Summary').should('be.visible');",
              "err": {
                "message": "AssertionError: Timed out retrying after 4000ms: Expected to find element: `#ap_email_login`, but never found it.\n\nBecause this error occurred during a `before each` hook we are skipping the remaining tests in the current suite: `Amazon Test Suite`",
                "estack": "AssertionError: Timed out retrying after 4000ms: Expected to find element: `#ap_email_login`, but never found it.\n\nBecause this error occurred during a `before each` hook we are skipping the remaining tests in the current suite: `Amazon Test Suite`\n    at Home.login (webpack://cypress-project/./cypress/Pages/Home.js:13:7)\n    at Context.eval (webpack://cypress-project/./cypress/e2e/ProductSearchTest.spec.cy.js:13:9)",
                "diff": null
              },
              "uuid": "2a60cb70-4413-44aa-b558-96030c9fb746",
              "parentUUID": "a979beff-1e23-4ad2-83ff-a57d316375d5",
              "isHook": false,
              "skipped": false
            }
          ],
          "suites": [],
          "passes": [],
          "failures": [
            "2a60cb70-4413-44aa-b558-96030c9fb746"
          ],
          "pending": [],
          "skipped": [],
          "duration": 23278,
          "root": false,
          "rootEmpty": false,
          "_timeout": 2000
        }
      ],
      "passes": [],
      "failures": [],
      "pending": [],
      "skipped": [],
      "duration": 0,
      "root": true,
      "rootEmpty": true,
      "_timeout": 2000
    }
  ],
  "meta": {
    "mocha": {
      "version": "7.0.1"
    },
    "mochawesome": {
      "options": {
        "quiet": false,
        "reportFilename": "mochawesome",
        "saveHtml": false,
        "saveJson": true,
        "consoleReporter": "spec",
        "useInlineDiffs": false,
        "code": true
      },
      "version": "7.1.3"
    },
    "marge": {
      "options": {
        "reportDir": "cypress/reports",
        "overwrite": false,
        "html": false,
        "json": true
      },
      "version": "6.2.0"
    }
  }
}